<?xml version="1.0" encoding="UTF-8"?>
<testsuites name="Mobile Automation Test Suite" time="501" tests="1" failures="0" errors="0">
   <testsuite name="Mobile Automation Test Suite" tests="1" failures="0" errors="0" time="501" timestamp="2018-01-07 12:07:00" hostname="Sahil.Dheer - suslap-2015-112.sus.local" id="Test Suites/Mobile Automation Test Suite">
      <properties>
         <property name="deviceName" value="samsung GT-I9500 5.0.1"/>
         <property name="devicePlatform" value=""/>
         <property name="logFolder" value="E:\\Mobile Automation\\Base Android App Regression Pack\\Reports\\Mobile Automation Test Suite\\20180107_120658"/>
         <property name="logFiles" value="E:\\Mobile Automation\\Base Android App Regression Pack\\Reports\\Mobile Automation Test Suite\\20180107_120658\\appium.log, E:\\Mobile Automation\\Base Android App Regression Pack\\Reports\\Mobile Automation Test Suite\\20180107_120658\\execution0.log"/>
         <property name="attachments" value=""/>
         <property name="hostName" value="Sahil.Dheer - suslap-2015-112.sus.local"/>
         <property name="os" value="Windows 7 64bit"/>
         <property name="katalonVersion" value="5.2.0.1"/>
         <property name="deviceOS" value="Android"/>
         <property name="appiumVersion" value="1.6.5"/>
         <property name="deviceModel" value="GT-I9500"/>
         <property name="hostAddress" value="192.168.56.1"/>
         <property name="deviceManufacturer" value="samsung"/>
         <property name="deviceId" value="4d00c4b5b0a160b9"/>
         <property name="deviceName" value="samsung GT-I9500 5.0.1"/>
         <property name="deviceOSVersion" value="5.0.1"/>
      </properties>
      <testcase name="Test Cases/PreLogIn" classname="Test Cases/PreLogIn" status="PASSED">
         <system-out><![CDATA[2018-01-07 12:07:01 - [TEST_CASE][PASSED] - Test Cases/PreLogIn: Test Cases/PreLogIn

2018-01-07 12:07:01 - [TEST_STEP][PASSED] - Statement - messageText = null: null

2018-01-07 12:07:01 - [TEST_STEP][PASSED] - Statement - applicationMethods.ReusableMethods.startApplication(): Delayed 30 second(s)

2018-01-07 12:07:50 - [MESSAGE][PASSED] - Started app at: 'E:\QA_4thJan.apk'

2018-01-07 12:08:21 - [MESSAGE][PASSED] - Delayed 30 second(s)

2018-01-07 12:08:21 - [TEST_STEP][PASSED] - getCurrentOrientation: Current screen orientation of the device is 'portrait'

2018-01-07 12:08:21 - [MESSAGE][PASSED] - Current screen orientation of the device is 'portrait'

2018-01-07 12:08:21 - [TEST_STEP][PASSED] - getDeviceHeight: Current device physical height is 1920

2018-01-07 12:08:21 - [MESSAGE][PASSED] - Current device physical height is 1920

2018-01-07 12:08:22 - [TEST_STEP][PASSED] - getDeviceOS: Device OS name is: 'Android'

2018-01-07 12:08:22 - [MESSAGE][PASSED] - Device OS name is: 'Android'

2018-01-07 12:08:22 - [TEST_STEP][PASSED] - getDeviceOSVersion: Device OS version is: '5.0.1'

2018-01-07 12:08:22 - [MESSAGE][PASSED] - Device OS version is: '5.0.1'

2018-01-07 12:08:22 - [TEST_STEP][PASSED] - delay: Delayed 30 second(s)

2018-01-07 12:08:52 - [MESSAGE][PASSED] - Delayed 30 second(s)

2018-01-07 12:08:52 - [TEST_STEP][PASSED] - verifyLoginPageObjects: Method 'verifyLoginPageObjects' complete successfully

2018-01-07 12:08:52 - [TEST_STEP][FAILED] - Statement - applicationMethods.ReusableMethods.isMobileElementDisplayed("SCM Mobile/PreLogin/Company Logo", "Client Logo"): Failed to check for element exist (Root cause: java.lang.IllegalArgumentException: Object is null)

2018-01-07 12:08:52 - [MESSAGE][WARNING] - Test object with id 'Object Repository/SCM Mobile/PreLogin/Company Logo' does not exist

2018-01-07 12:08:52 - [MESSAGE][WARNING] - Test object with id 'Object Repository/' does not exist

2018-01-07 12:08:52 - [MESSAGE][FAILED] - Failed to check for element exist (Root cause: java.lang.IllegalArgumentException: Object is null)

2018-01-07 12:08:52 - [TEST_STEP][PASSED] - Statement - applicationMethods.ReusableMethods.isMobileElementDisplayed("SCM Mobile/PreLogin/ContactUs Icon", "ContactUs Icon"): Element 'Object Repository/SCM Mobile/PreLogin/ContactUs Icon' is exist

2018-01-07 12:08:53 - [MESSAGE][PASSED] - Element 'Object Repository/SCM Mobile/PreLogin/ContactUs Icon' is exist

2018-01-07 12:08:53 - [TEST_STEP][PASSED] - Statement - applicationMethods.ReusableMethods.isMobileElementDisplayed("SCM Mobile/PreLogin/ContactUs Text", "ContactUs Text"): Element 'Object Repository/SCM Mobile/PreLogin/ContactUs Text' is exist

2018-01-07 12:08:53 - [MESSAGE][PASSED] - Element 'Object Repository/SCM Mobile/PreLogin/ContactUs Text' is exist

2018-01-07 12:08:53 - [TEST_STEP][PASSED] - Statement - applicationMethods.ReusableMethods.isMobileElementDisplayed("SCM Mobile/PreLogin/Efficiency Icon", "Efficiency Icon"): Element 'Object Repository/SCM Mobile/PreLogin/Efficiency Icon' is exist

2018-01-07 12:08:53 - [MESSAGE][PASSED] - Element 'Object Repository/SCM Mobile/PreLogin/Efficiency Icon' is exist

2018-01-07 12:08:53 - [TEST_STEP][PASSED] - Statement - applicationMethods.ReusableMethods.isMobileElementDisplayed("SCM Mobile/PreLogin/Efficiency Text", "Efficiency Text"): Element 'Object Repository/SCM Mobile/PreLogin/Efficiency Text' is exist

2018-01-07 12:08:54 - [MESSAGE][PASSED] - Element 'Object Repository/SCM Mobile/PreLogin/Efficiency Text' is exist

2018-01-07 12:08:54 - [TEST_STEP][FAILED] - Statement - applicationMethods.ReusableMethods.isMobileElementDisplayed("SCM Mobile/PreLogin/FaceBook Icon", "FaceBook Icon"): Element 'Object Repository/SCM Mobile/PreLogin/FaceBook Icon' not found

2018-01-07 12:09:24 - [MESSAGE][FAILED] - Element 'Object Repository/SCM Mobile/PreLogin/FaceBook Icon' not found

2018-01-07 12:09:24 - [TEST_STEP][FAILED] - Statement - applicationMethods.ReusableMethods.isMobileElementDisplayed("SCM Mobile/PreLogin/FaceBook Text", "FaceBook Text"): Element 'Object Repository/SCM Mobile/PreLogin/FaceBook Text' not found

2018-01-07 12:09:55 - [MESSAGE][FAILED] - Element 'Object Repository/SCM Mobile/PreLogin/FaceBook Text' not found

2018-01-07 12:09:55 - [TEST_STEP][PASSED] - Statement - applicationMethods.ReusableMethods.isMobileElementDisplayed("SCM Mobile/PreLogin/Or Text Label", "Or Text Label"): Element 'Object Repository/SCM Mobile/PreLogin/Or Text Label' is exist

2018-01-07 12:09:56 - [MESSAGE][PASSED] - Element 'Object Repository/SCM Mobile/PreLogin/Or Text Label' is exist

2018-01-07 12:09:56 - [TEST_STEP][PASSED] - Statement - applicationMethods.ReusableMethods.isMobileElementDisplayed("SCM Mobile/PreLogin/Outages Icon", "Outages Icon"): Element 'Object Repository/SCM Mobile/PreLogin/Outages Icon' is exist

2018-01-07 12:09:56 - [MESSAGE][PASSED] - Element 'Object Repository/SCM Mobile/PreLogin/Outages Icon' is exist

2018-01-07 12:09:56 - [TEST_STEP][PASSED] - Statement - applicationMethods.ReusableMethods.isMobileElementDisplayed("SCM Mobile/PreLogin/Outages Text", "Outages Text"): Element 'Object Repository/SCM Mobile/PreLogin/Outages Text' is exist

2018-01-07 12:09:56 - [MESSAGE][PASSED] - Element 'Object Repository/SCM Mobile/PreLogin/Outages Text' is exist

2018-01-07 12:09:56 - [TEST_STEP][PASSED] - Statement - applicationMethods.ReusableMethods.isMobileElementDisplayed("SCM Mobile/PreLogin/PayBill Icon", "PayBill Icon"): Element 'Object Repository/SCM Mobile/PreLogin/PayBill Icon' is exist

2018-01-07 12:09:57 - [MESSAGE][PASSED] - Element 'Object Repository/SCM Mobile/PreLogin/PayBill Icon' is exist

2018-01-07 12:09:57 - [TEST_STEP][PASSED] - Statement - applicationMethods.ReusableMethods.isMobileElementDisplayed("SCM Mobile/PreLogin/Pay Bill Text", "Pay Bill Text"): Element 'Object Repository/SCM Mobile/PreLogin/Pay Bill Text' is exist

2018-01-07 12:09:58 - [MESSAGE][PASSED] - Element 'Object Repository/SCM Mobile/PreLogin/Pay Bill Text' is exist

2018-01-07 12:09:58 - [TEST_STEP][PASSED] - Statement - applicationMethods.ReusableMethods.isMobileElementDisplayed("SCM Mobile/PreLogin/Register Now Button", "Register Now Button"): Element 'Object Repository/SCM Mobile/PreLogin/Register Now Button' is exist

2018-01-07 12:09:58 - [MESSAGE][PASSED] - Element 'Object Repository/SCM Mobile/PreLogin/Register Now Button' is exist

2018-01-07 12:09:58 - [TEST_STEP][PASSED] - Statement - applicationMethods.ReusableMethods.isMobileElementDisplayed("SCM Mobile/PreLogin/Remember Me CheckBox", "Remember Me CheckBox"): Element 'Object Repository/SCM Mobile/PreLogin/Remember Me CheckBox' is exist

2018-01-07 12:09:58 - [MESSAGE][PASSED] - Element 'Object Repository/SCM Mobile/PreLogin/Remember Me CheckBox' is exist

2018-01-07 12:09:58 - [TEST_STEP][PASSED] - Statement - applicationMethods.ReusableMethods.isMobileElementDisplayed("SCM Mobile/PreLogin/Remember Me Label", "Remember Me Label"): Element 'Object Repository/SCM Mobile/PreLogin/Remember Me Label' is exist

2018-01-07 12:09:59 - [MESSAGE][PASSED] - Element 'Object Repository/SCM Mobile/PreLogin/Remember Me Label' is exist

2018-01-07 12:09:59 - [TEST_STEP][FAILED] - Statement - applicationMethods.ReusableMethods.isMobileElementDisplayed("SCM Mobile/PreLogin/Sign In Text", "Sign In Text"): Element 'Object Repository/SCM Mobile/PreLogin/Sign In Text' not found

2018-01-07 12:10:29 - [MESSAGE][FAILED] - Element 'Object Repository/SCM Mobile/PreLogin/Sign In Text' not found

2018-01-07 12:10:29 - [TEST_STEP][PASSED] - Statement - applicationMethods.ReusableMethods.isMobileElementDisplayed("SCM Mobile/Login/UserName TextBox", "UserName TextBox"): Element 'Object Repository/SCM Mobile/Login/UserName TextBox' is exist

2018-01-07 12:10:29 - [MESSAGE][PASSED] - Element 'Object Repository/SCM Mobile/Login/UserName TextBox' is exist

2018-01-07 12:10:29 - [TEST_STEP][PASSED] - Statement - applicationMethods.ReusableMethods.isMobileElementDisplayed("SCM Mobile/Login/Password TextBox", "Password TextBox"): Element 'Object Repository/SCM Mobile/Login/Password TextBox' is exist

2018-01-07 12:10:30 - [MESSAGE][PASSED] - Element 'Object Repository/SCM Mobile/Login/Password TextBox' is exist

2018-01-07 12:10:30 - [MESSAGE][PASSED] - Method 'verifyLoginPageObjects' complete successfully

2018-01-07 12:10:30 - [TEST_STEP][PASSED] - verifyLoginPageNegativeTestCases: Method 'verifyLoginPageNegativeTestCases' complete successfully

2018-01-07 12:10:30 - [TEST_STEP][PASSED] - Comment - "TC : verifyLoginPageNegativeTestCases initiated": null

2018-01-07 12:10:30 - [TEST_STEP][PASSED] - Statement - applicationMethods.ReusableMethods.verifyValidLogin("", ""): Delayed 1 second(s)

2018-01-07 12:10:32 - [MESSAGE][PASSED] - Element 'Object Repository/SCM Mobile/LogIn/UserName TextBox' text is cleared

2018-01-07 12:10:43 - [MESSAGE][PASSED] - Text '' has been set to element 'Object Repository/SCM Mobile/LogIn/UserName TextBox'

2018-01-07 12:10:47 - [MESSAGE][PASSED] - Keyboard is hidden

2018-01-07 12:10:55 - [MESSAGE][PASSED] - Element 'Object Repository/SCM Mobile/LogIn/Password TextBox' text is cleared

2018-01-07 12:11:13 - [MESSAGE][PASSED] - Text '' has been set to element 'Object Repository/SCM Mobile/LogIn/Password TextBox'

2018-01-07 12:11:17 - [MESSAGE][PASSED] - Keyboard is hidden

2018-01-07 12:11:19 - [MESSAGE][PASSED] - Tapped on element 'Object Repository/SCM Mobile/LogIn/SignIn Button'

2018-01-07 12:11:24 - [MESSAGE][PASSED] - Delayed 5 second(s)

2018-01-07 12:11:24 - [MESSAGE][PASSED] - Element 'Object Repository/SCM Mobile/Common Elements/Popup Ok Button' is exist

2018-01-07 12:11:25 - [MESSAGE][PASSED] - Element 'Object Repository/SCM Mobile/Common Elements/Popup Message Text' has attribute 'text' is 'Please enter Username and Password.'

2018-01-07 12:11:26 - [MESSAGE][PASSED] - Delayed 1 second(s)

2018-01-07 12:11:29 - [MESSAGE][PASSED] - Tapped on element 'Object Repository/SCM Mobile/Common Elements/Popup Ok Button'

2018-01-07 12:11:30 - [MESSAGE][PASSED] - Delayed 1 second(s)

2018-01-07 12:11:30 - [TEST_STEP][PASSED] - Statement - applicationMethods.ReusableMethods.verifyValidLogin("", "Demo@123"): Delayed 1 second(s)

2018-01-07 12:11:31 - [MESSAGE][PASSED] - Element 'Object Repository/SCM Mobile/LogIn/UserName TextBox' text is cleared

2018-01-07 12:11:42 - [MESSAGE][PASSED] - Text '' has been set to element 'Object Repository/SCM Mobile/LogIn/UserName TextBox'

2018-01-07 12:11:47 - [MESSAGE][PASSED] - Keyboard is hidden

2018-01-07 12:11:54 - [MESSAGE][PASSED] - Element 'Object Repository/SCM Mobile/LogIn/Password TextBox' text is cleared

2018-01-07 12:12:14 - [MESSAGE][PASSED] - Text 'Demo@123' has been set to element 'Object Repository/SCM Mobile/LogIn/Password TextBox'

2018-01-07 12:12:17 - [MESSAGE][PASSED] - Keyboard is hidden

2018-01-07 12:12:20 - [MESSAGE][PASSED] - Tapped on element 'Object Repository/SCM Mobile/LogIn/SignIn Button'

2018-01-07 12:12:25 - [MESSAGE][PASSED] - Delayed 5 second(s)

2018-01-07 12:12:25 - [MESSAGE][PASSED] - Element 'Object Repository/SCM Mobile/Common Elements/Popup Ok Button' is exist

2018-01-07 12:12:25 - [MESSAGE][PASSED] - Element 'Object Repository/SCM Mobile/Common Elements/Popup Message Text' has attribute 'text' is 'Please enter Username.'

2018-01-07 12:12:26 - [MESSAGE][PASSED] - Delayed 1 second(s)

2018-01-07 12:12:30 - [MESSAGE][PASSED] - Tapped on element 'Object Repository/SCM Mobile/Common Elements/Popup Ok Button'

2018-01-07 12:12:31 - [MESSAGE][PASSED] - Delayed 1 second(s)

2018-01-07 12:12:31 - [TEST_STEP][PASSED] - Statement - applicationMethods.ReusableMethods.verifyValidLogin("demo", ""): Delayed 1 second(s)

2018-01-07 12:12:32 - [MESSAGE][PASSED] - Element 'Object Repository/SCM Mobile/LogIn/UserName TextBox' text is cleared

2018-01-07 12:12:44 - [MESSAGE][PASSED] - Text 'demo' has been set to element 'Object Repository/SCM Mobile/LogIn/UserName TextBox'

2018-01-07 12:12:48 - [MESSAGE][PASSED] - Keyboard is hidden

2018-01-07 12:12:56 - [MESSAGE][PASSED] - Element 'Object Repository/SCM Mobile/LogIn/Password TextBox' text is cleared

2018-01-07 12:13:14 - [MESSAGE][PASSED] - Text '' has been set to element 'Object Repository/SCM Mobile/LogIn/Password TextBox'

2018-01-07 12:13:18 - [MESSAGE][PASSED] - Keyboard is hidden

2018-01-07 12:13:20 - [MESSAGE][PASSED] - Tapped on element 'Object Repository/SCM Mobile/LogIn/SignIn Button'

2018-01-07 12:13:25 - [MESSAGE][PASSED] - Delayed 5 second(s)

2018-01-07 12:13:25 - [MESSAGE][PASSED] - Element 'Object Repository/SCM Mobile/Common Elements/Popup Ok Button' is exist

2018-01-07 12:13:25 - [MESSAGE][PASSED] - Element 'Object Repository/SCM Mobile/Common Elements/Popup Message Text' has attribute 'text' is 'Please enter Password.'

2018-01-07 12:13:26 - [MESSAGE][PASSED] - Delayed 1 second(s)

2018-01-07 12:13:30 - [MESSAGE][PASSED] - Tapped on element 'Object Repository/SCM Mobile/Common Elements/Popup Ok Button'

2018-01-07 12:13:31 - [MESSAGE][PASSED] - Delayed 1 second(s)

2018-01-07 12:13:31 - [TEST_STEP][FAILED] - Statement - applicationMethods.ReusableMethods.verifyValidLogin("demo", "Demo@112143"): Delayed 1 second(s)

2018-01-07 12:14:01 - [MESSAGE][FAILED] - Element 'Object Repository/SCM Mobile/LogIn/UserName TextBox' not found

2018-01-07 12:14:32 - [MESSAGE][FAILED] - Object Object Repository/SCM Mobile/LogIn/UserName TextBox not found

2018-01-07 12:14:36 - [MESSAGE][FAILED] - Cannot hide keyboard (Root cause: org.openqa.selenium.WebDriverException: An unknown server-side error occurred while processing the command. Original error: Soft keyboard not present, cannot hide keyboard (WARNING: The server did not provide any stacktrace information)
Command duration or timeout: 0 milliseconds
Build info: version: '3.7.1', revision: '8a0099a', time: '2017-11-06T21:07:36.161Z'
System info: host: 'SUSLAP-2015-112', ip: '192.168.56.1', os.name: 'Windows 7', os.arch: 'amd64', os.version: '6.1', java.version: '1.8.0_102'
Driver info: com.kms.katalon.core.appium.driver.SwipeableAndroidDriver
Capabilities {app: E:\QA_4thJan.apk, appActivity: com.sus.scm_mobile.Login.co..., appPackage: com.sus.scm_mobile, appWaitActivity: com.*, appWaitPackage: com.sus.scm_mobile, autoGrantPermissions: true, databaseEnabled: false, desired: {app: E:\QA_4thJan.apk, appWaitActivity: com.*, autoGrantPermissions: true, deviceId: , deviceName: samsung GT-I9500 5.0.1, fullReset: false, newCommandTimeout: 1800, noReset: true, platform: ANDROID, platformName: Android, udid: 4d00c4b5b0a160b9}, deviceId: , deviceManufacturer: samsung, deviceModel: GT-I9500, deviceName: 4d00c4b5b0a160b9, deviceScreenSize: 1080x1920, deviceUDID: 4d00c4b5b0a160b9, fullReset: false, javascriptEnabled: true, locationContextEnabled: false, networkConnectionEnabled: true, newCommandTimeout: 1800, noReset: true, platform: ANDROID, platformName: ANDROID, platformVersion: 5.0.1, takesScreenshot: true, udid: 4d00c4b5b0a160b9, warnings: {}, webStorageEnabled: false}
Session ID: ba50f831-4ae9-49cf-b848-eb26b663f3c7)

2018-01-07 12:14:42 - [MESSAGE][PASSED] - Element 'Object Repository/SCM Mobile/LogIn/Password TextBox' text is cleared

2018-01-07 12:15:00 - [MESSAGE][PASSED] - Text 'Demo@112143' has been set to element 'Object Repository/SCM Mobile/LogIn/Password TextBox'

2018-01-07 12:15:05 - [MESSAGE][PASSED] - Keyboard is hidden

2018-01-07 12:15:07 - [MESSAGE][PASSED] - Tapped on element 'Object Repository/SCM Mobile/LogIn/SignIn Button'

2018-01-07 12:15:12 - [MESSAGE][PASSED] - Delayed 5 second(s)

2018-01-07 12:15:12 - [MESSAGE][PASSED] - Element 'Object Repository/SCM Mobile/Common Elements/Popup Ok Button' is exist

2018-01-07 12:15:12 - [MESSAGE][PASSED] - Element 'Object Repository/SCM Mobile/Common Elements/Popup Message Text' has attribute 'text' is 'Invalid Username or Password. Please check and try again.'

2018-01-07 12:15:13 - [MESSAGE][PASSED] - Delayed 1 second(s)

2018-01-07 12:15:16 - [MESSAGE][PASSED] - Tapped on element 'Object Repository/SCM Mobile/Common Elements/Popup Ok Button'

2018-01-07 12:15:17 - [MESSAGE][PASSED] - Delayed 1 second(s)

2018-01-07 12:15:17 - [MESSAGE][PASSED] - Method 'verifyLoginPageNegativeTestCases' complete successfully]]></system-out>
         <system-err><![CDATA[]]></system-err>
      </testcase>
      <system-out><![CDATA[2018-01-07 12:07:00 - [TEST_SUITE][PASSED] - Mobile Automation Test Suite: Test Cases/PreLogIn]]></system-out>
      <system-err><![CDATA[]]></system-err>
   </testsuite>
</testsuites>
