<?xml version="1.0" encoding="UTF-8"?>
<testsuites name="Mobile Automation Test Suite" time="160" tests="0" failures="1" errors="0">
   <testsuite name="Mobile Automation Test Suite" tests="0" failures="1" errors="0" time="160" timestamp="2018-01-04 11:36:29" hostname="Sahil.Dheer - suslap-2015-112.sus.local" id="Test Suites/Mobile Automation Test Suite">
      <properties>
         <property name="deviceName" value="samsung SM-G930F 7.0"/>
         <property name="devicePlatform" value=""/>
         <property name="logFolder" value="E:\\Mobile Automation\\Base Android App Regression Pack\\Reports\\Mobile Automation Test Suite\\20180104_113626"/>
         <property name="logFiles" value="E:\\Mobile Automation\\Base Android App Regression Pack\\Reports\\Mobile Automation Test Suite\\20180104_113626\\appium.log, E:\\Mobile Automation\\Base Android App Regression Pack\\Reports\\Mobile Automation Test Suite\\20180104_113626\\execution0.log"/>
         <property name="attachments" value=""/>
         <property name="hostName" value="Sahil.Dheer - suslap-2015-112.sus.local"/>
         <property name="os" value="Windows 7 64bit"/>
         <property name="katalonVersion" value="5.1.0.1"/>
         <property name="deviceOS" value="Android"/>
         <property name="appiumVersion" value="1.6.5"/>
         <property name="deviceModel" value="SM-G930F"/>
         <property name="hostAddress" value="192.168.56.1"/>
         <property name="deviceManufacturer" value="samsung"/>
         <property name="deviceId" value="ce11160b818d583805"/>
         <property name="deviceName" value="samsung SM-G930F 7.0"/>
         <property name="deviceOSVersion" value="7.0"/>
      </properties>
      <testcase name="Test Cases/PreLogIn" classname="Test Cases/PreLogIn" status="FAILED">
         <failure type="FAILED" message="Object Object Repository/SCM Mobile/PreLogin/Permission Text not found"/>
         <system-out><![CDATA[2018-01-04 11:36:29 - [TEST_CASE][FAILED] - Test Cases/PreLogIn: Test Cases/PreLogIn FAILED because (of) Object Object Repository/SCM Mobile/PreLogin/Permission Text not found

2018-01-04 11:36:30 - [TEST_STEP][PASSED] - Statement - messageText = null: null

2018-01-04 11:36:30 - [TEST_STEP][PASSED] - startApplication: Started app at: 'E:\QA_4th_DEC_2018.apk'

2018-01-04 11:37:22 - [MESSAGE][PASSED] - Started app at: 'E:\QA_4th_DEC_2018.apk'

2018-01-04 11:37:22 - [TEST_STEP][PASSED] - delay: Delayed 30 second(s)

2018-01-04 11:37:52 - [MESSAGE][PASSED] - Delayed 30 second(s)

2018-01-04 11:37:52 - [TEST_STEP][PASSED] - getCurrentOrientation: Current screen orientation of the device is 'portrait'

2018-01-04 11:37:53 - [MESSAGE][PASSED] - Current screen orientation of the device is 'portrait'

2018-01-04 11:37:53 - [TEST_STEP][PASSED] - getDeviceHeight: Current device physical height is 1920

2018-01-04 11:37:53 - [MESSAGE][PASSED] - Current device physical height is 1920

2018-01-04 11:37:53 - [TEST_STEP][PASSED] - getDeviceOS: Device OS name is: 'Android'

2018-01-04 11:37:53 - [MESSAGE][PASSED] - Device OS name is: 'Android'

2018-01-04 11:37:53 - [TEST_STEP][PASSED] - getDeviceOSVersion: Device OS version is: '7.0'

2018-01-04 11:37:54 - [MESSAGE][PASSED] - Device OS version is: '7.0'

2018-01-04 11:37:54 - [TEST_STEP][PASSED] - delay: Delayed 30 second(s)

2018-01-04 11:38:24 - [MESSAGE][PASSED] - Delayed 30 second(s)

2018-01-04 11:38:24 - [TEST_STEP][PASSED] - Statement - sDeviceVersion = com.kms.katalon.core.mobile.keyword.MobileBuiltInKeywords.getDeviceOSVersion(): Device OS version is: '7.0'

2018-01-04 11:38:24 - [MESSAGE][PASSED] - Device OS version is: '7.0'

2018-01-04 11:38:24 - [TEST_STEP][PASSED] - Statement - s2 = sDeviceVersion.split("\."): null

2018-01-04 11:38:24 - [TEST_STEP][PASSED] - Statement - s3 = s2[0]: null

2018-01-04 11:38:24 - [TEST_STEP][PASSED] - Statement - iAndroidVersion = java.lang.Integer.parseInt(s3): null

2018-01-04 11:38:24 - [TEST_STEP][PASSED] - getDeviceWidth: Current device physical width is 1080

2018-01-04 11:38:24 - [MESSAGE][PASSED] - Current device physical width is 1080

2018-01-04 11:38:24 - [TEST_STEP][FAILED] - Statement - If (iAndroidVersion > 5): Object Object Repository/SCM Mobile/PreLogin/Permission Allow Button not found

2018-01-04 11:38:24 - [TEST_STEP][FAILED] - Statement - messageText = com.kms.katalon.core.mobile.keyword.MobileBuiltInKeywords.getAttribute(com.kms.katalon.core.testobject.ObjectRepository.findTestObject(SCM Mobile/PreLogin/Permission Text), "text", 5, CONTINUE_ON_FAILURE): Object Object Repository/SCM Mobile/PreLogin/Permission Text not found

2018-01-04 11:38:29 - [MESSAGE][FAILED] - Object Object Repository/SCM Mobile/PreLogin/Permission Text not found

2018-01-04 11:38:29 - [TEST_STEP][PASSED] - Statement - If (messageText.equals("Allow SCM to access this device's location?")): null

2018-01-04 11:38:29 - [TEST_STEP][PASSED] - Statement - Else: null

2018-01-04 11:38:29 - [TEST_STEP][PASSED] - Statement - out.println("Permission Text 1 is not matching with the Expected Text, Expected Text is : Allow SCM to access this devices location but Actual Text is " + messageText): null

2018-01-04 11:38:29 - [TEST_STEP][FAILED] - tap: Object Object Repository/SCM Mobile/PreLogin/Permission Allow Button not found

2018-01-04 11:38:34 - [MESSAGE][FAILED] - Object Object Repository/SCM Mobile/PreLogin/Permission Allow Button not found

2018-01-04 11:38:34 - [TEST_STEP][FAILED] - Statement - messageText = com.kms.katalon.core.mobile.keyword.MobileBuiltInKeywords.getAttribute(com.kms.katalon.core.testobject.ObjectRepository.findTestObject(SCM Mobile/PreLogin/Permission Text), "text", 5, CONTINUE_ON_FAILURE): Object Object Repository/SCM Mobile/PreLogin/Permission Text not found

2018-01-04 11:38:39 - [MESSAGE][FAILED] - Object Object Repository/SCM Mobile/PreLogin/Permission Text not found

2018-01-04 11:38:39 - [TEST_STEP][PASSED] - Statement - If (messageText.equals("Allow SCM to access photos, media and files on your device?")): null

2018-01-04 11:38:39 - [TEST_STEP][PASSED] - Statement - Else: null

2018-01-04 11:38:39 - [TEST_STEP][PASSED] - Statement - out.println("Permission Text 2 is not matching with the Expected Text, Expected Text is : Allow SCM to access photos, media and files on your device? but Actual Text is " + messageText): null

2018-01-04 11:38:39 - [TEST_STEP][FAILED] - tap: Object Object Repository/SCM Mobile/PreLogin/Permission Allow Button not found

2018-01-04 11:38:44 - [MESSAGE][FAILED] - Object Object Repository/SCM Mobile/PreLogin/Permission Allow Button not found

2018-01-04 11:38:44 - [TEST_STEP][FAILED] - Statement - messageText = com.kms.katalon.core.mobile.keyword.MobileBuiltInKeywords.getAttribute(com.kms.katalon.core.testobject.ObjectRepository.findTestObject(SCM Mobile/PreLogin/Permission Text), "text", 5, CONTINUE_ON_FAILURE): Object Object Repository/SCM Mobile/PreLogin/Permission Text not found

2018-01-04 11:38:49 - [MESSAGE][FAILED] - Object Object Repository/SCM Mobile/PreLogin/Permission Text not found

2018-01-04 11:38:49 - [TEST_STEP][PASSED] - Statement - If (messageText.equals("Allow SCM to make and manage phone calls?")): null

2018-01-04 11:38:49 - [TEST_STEP][PASSED] - Statement - Else: null

2018-01-04 11:38:49 - [TEST_STEP][PASSED] - Statement - out.println("Permission Text 3 is not matching with the Expected Text, Expected Text is : Allow SCM to make and manage phone calls? but Actual Text is " + messageText): null

2018-01-04 11:38:49 - [TEST_STEP][FAILED] - tap: Object Object Repository/SCM Mobile/PreLogin/Permission Allow Button not found

2018-01-04 11:38:54 - [MESSAGE][FAILED] - Object Object Repository/SCM Mobile/PreLogin/Permission Allow Button not found

2018-01-04 11:38:54 - [TEST_STEP][FAILED] - Statement - messageText = com.kms.katalon.core.mobile.keyword.MobileBuiltInKeywords.getAttribute(com.kms.katalon.core.testobject.ObjectRepository.findTestObject(SCM Mobile/PreLogin/Permission Text), "text", 5, CONTINUE_ON_FAILURE): Object Object Repository/SCM Mobile/PreLogin/Permission Text not found

2018-01-04 11:38:59 - [MESSAGE][FAILED] - Object Object Repository/SCM Mobile/PreLogin/Permission Text not found

2018-01-04 11:38:59 - [TEST_STEP][PASSED] - Statement - If (messageText.equals("Allow SCM to take pictures and record video?")): null

2018-01-04 11:38:59 - [TEST_STEP][PASSED] - Statement - Else: null

2018-01-04 11:38:59 - [TEST_STEP][PASSED] - Statement - out.println("Permission Text 4 is not matching with the Expected Text, Expected Text is : Allow SCM to take pictures and record video? but Actual Text is " + messageText): null

2018-01-04 11:38:59 - [TEST_STEP][FAILED] - tap: Object Object Repository/SCM Mobile/PreLogin/Permission Allow Button not found

2018-01-04 11:39:04 - [MESSAGE][FAILED] - Object Object Repository/SCM Mobile/PreLogin/Permission Allow Button not found

2018-01-04 11:39:04 - [TEST_STEP][FAILED] - Statement - If (com.kms.katalon.core.mobile.keyword.MobileBuiltInKeywords.verifyElementVisible(com.kms.katalon.core.testobject.ObjectRepository.findTestObject(SCM Mobile/PreLogin/PreLogin Client Logo), 3, CONTINUE_ON_FAILURE) == true): Element 'Object Repository/SCM Mobile/PreLogin/PreLogin Client Logo' not found

2018-01-04 11:39:08 - [MESSAGE][FAILED] - Element 'Object Repository/SCM Mobile/PreLogin/PreLogin Client Logo' not found

2018-01-04 11:39:08 - [TEST_STEP][PASSED] - Statement - Else: null

2018-01-04 11:39:08 - [TEST_STEP][PASSED] - Statement - out.println("Client Logo is not Displayed"): null]]></system-out>
         <system-err><![CDATA[2018-01-04 11:36:29 - [TEST_CASE][FAILED] - Test Cases/PreLogIn: Test Cases/PreLogIn FAILED because (of) Object Object Repository/SCM Mobile/PreLogin/Permission Text not found]]></system-err>
      </testcase>
      <system-out><![CDATA[2018-01-04 11:36:29 - [TEST_SUITE][FAILED] - Mobile Automation Test Suite: Test Cases/PreLogIn FAILED because (of) Object Object Repository/SCM Mobile/PreLogin/Permission Text not found]]></system-out>
      <system-err><![CDATA[2018-01-04 11:36:29 - [TEST_SUITE][FAILED] - Mobile Automation Test Suite: Test Cases/PreLogIn FAILED because (of) Object Object Repository/SCM Mobile/PreLogin/Permission Text not found]]></system-err>
   </testsuite>
</testsuites>
